TN:
SF:src\MyFormComponent\MyFormComponent.jsx
FN:3,MyFormComponent
FN:13,(anonymous_1)
FN:15,(anonymous_2)
FN:21,(anonymous_3)
FN:39,(anonymous_4)
FN:46,(anonymous_5)
FNF:6
FNH:6
FNDA:88,MyFormComponent
FNDA:34,(anonymous_1)
FNDA:34,(anonymous_2)
FNDA:6,(anonymous_3)
FNDA:6,(anonymous_4)
FNDA:44,(anonymous_5)
DA:4,88
DA:11,88
DA:13,88
DA:14,34
DA:15,34
DA:21,88
DA:22,6
DA:23,6
DA:31,6
DA:32,0
DA:35,0
DA:39,88
DA:40,6
DA:41,6
DA:42,6
DA:46,88
DA:47,44
DA:48,44
DA:49,13
DA:50,44
DA:51,44
DA:52,44
DA:53,44
DA:56,88
LF:24
LH:22
BRDA:17,0,0,7
BRDA:17,0,1,27
BRDA:31,1,0,0
BRDA:31,1,1,6
BRDA:41,2,0,6
BRDA:41,2,1,0
BRDA:48,3,0,13
BRDA:48,3,1,31
BRDA:50,4,0,20
BRDA:50,4,1,24
BRDA:51,5,0,30
BRDA:51,5,1,14
BRDA:52,6,0,34
BRDA:52,6,1,10
BRDA:65,7,0,88
BRDA:65,7,1,24
BRDA:73,8,0,88
BRDA:73,8,1,39
BRDA:81,9,0,88
BRDA:81,9,1,55
BRDA:98,10,0,88
BRDA:98,10,1,63
BRF:22
BRH:20
end_of_record
